<?xml version="1.0" encoding="UTF-8"?>
<!-- Generated by org.testng.reporters.JUnitXMLReporter -->
<testsuite ignored="0" hostname="LAPTOP-9GN5NKPT" failures="0" tests="7" name="OrangeHRM AddEmployee Test" time="18.757" errors="0" timestamp="2023-03-10T17:59:47 GMT">
  <testcase classname="com.OHRM_TestCases.OHRM_AddEmployee" name="validatingOrangeHRMApplicationLogInPageTest" time="0.179"/>
  <testcase classname="com.OHRM_TestCases.OHRM_AddEmployee" name="validating_OrangeHRM_LoginPageTitle" time="0.041"/>
  <testcase classname="com.OHRM_TestCases.OHRM_AddEmployee" name="validatingLogInTest" time="1.438"/>
  <testcase classname="com.OHRM_TestCases.OHRM_AddEmployee" name="pimTest" time="0.226"/>
  <testcase classname="com.OHRM_TestCases.OHRM_AddEmployee" name="addEmployeeTest" time="0.914"/>
  <testcase classname="com.OHRM_TestCases.OHRM_AddEmployee" name="validatingAddEmployeePageText" time="0.064"/>
  <testcase classname="com.OHRM_TestCases.OHRM_AddEmployee" name="createNewEmployee" time="13.114"/>
</testsuite> <!-- OrangeHRM AddEmployee Test -->
