<?xml version="1.0" encoding="UTF-8"?>
<!-- Generated by org.testng.reporters.JUnitXMLReporter -->
<testsuite ignored="0" hostname="LAPTOP-9GN5NKPT" failures="0" tests="3" name="OrangeHRM LogIn Test" time="6.522" errors="0" timestamp="2023-03-10T17:59:28 GMT">
  <testcase classname="com.OHRM_TestCases.OHRM_LogInTest" name="validatingOrangeHRMApplicationLogInPageTest" time="0.855"/>
  <testcase classname="com.OHRM_TestCases.OHRM_LogInTest" name="validatingLogInTest" time="1.494"/>
  <testcase classname="com.OHRM_TestCases.OHRM_LogInTest" name="logOutTest" time="0.808"/>
</testsuite> <!-- OrangeHRM LogIn Test -->
