<?xml version="1.0" encoding="UTF-8"?>
<!-- Generated by org.testng.reporters.JUnitXMLReporter -->
<testsuite ignored="0" hostname="LAPTOP-9GN5NKPT" failures="0" tests="6" name="Default test" time="22.427" errors="0" timestamp="2023-03-09T14:32:17 GMT">
  <testcase classname="com.OHRM_TestCases.OHRM_EmployeeList_webTable_exportToExcel" name="validatingOrangeHRMApplicationLogInPageTest" time="0.959"/>
  <testcase classname="com.OHRM_TestCases.OHRM_EmployeeList_webTable_exportToExcel" name="validatingLogInTest" time="1.823"/>
  <testcase classname="com.OHRM_TestCases.OHRM_EmployeeList_webTable_exportToExcel" name="pimTest" time="0.246"/>
  <testcase classname="com.OHRM_TestCases.OHRM_EmployeeList_webTable_exportToExcel" name="employeeListTest" time="0.925"/>
  <testcase classname="com.OHRM_TestCases.OHRM_EmployeeList_webTable_exportToExcel" name="validatingAddEmployeePageText" time="0.082"/>
  <testcase classname="com.OHRM_TestCases.OHRM_EmployeeList_webTable_exportToExcel" name="export_EmployeeListWebtable_toExcel" time="14.717"/>
</testsuite> <!-- Default test -->
